
Gurobi 10.0.3 (win64, Python) logging started Sun Dec 10 00:16:30 2023

Set parameter Username
Set parameter LogFile to value "gurobi.log"
Academic license - for non-commercial use only - expires 2024-09-16
Read LP format model from file few9.lp
Reading time = 0.03 seconds
: 11017 rows, 2008 columns, 48016 nonzeros
Gurobi Optimizer version 10.0.3 build v10.0.3rc0 (win64)

CPU model: Intel(R) Core(TM) i7-8565U CPU @ 1.80GHz, instruction set [SSE2|AVX|AVX2]
Thread count: 4 physical cores, 8 logical processors, using up to 8 threads

Optimize a model with 11017 rows, 2008 columns and 48016 nonzeros
Model fingerprint: 0x015cf564
Variable types: 0 continuous, 2008 integer (2008 binary)
Coefficient statistics:
  Matrix range     [1e+00, 8e+00]
  Objective range  [2e+00, 3e+00]
  Bounds range     [1e+00, 1e+00]
  RHS range        [1e+00, 7e+00]
Presolve time: 0.08s
Presolved: 11017 rows, 2008 columns, 48016 nonzeros
Variable types: 0 continuous, 2008 integer (2008 binary)
Root relaxation presolved: 11017 rows, 2008 columns, 48016 nonzeros


Root relaxation: objective 5.000000e-02, 348 iterations, 0.08 seconds (0.07 work units)

    Nodes    |    Current Node    |     Objective Bounds      |     Work
 Expl Unexpl |  Obj  Depth IntInf | Incumbent    BestBd   Gap | It/Node Time

     0     0    0.05000    0   22          -    0.05000      -     -    0s
     0     0    2.00000    0  122          -    2.00000      -     -    0s
     0     0    2.00000    0   30          -    2.00000      -     -    0s
     0     0    2.00000    0   85          -    2.00000      -     -    1s
     0     0    2.00000    0   83          -    2.00000      -     -    1s
     0     0    2.00000    0   73          -    2.00000      -     -    1s
     0     0    2.00000    0   57          -    2.00000      -     -    1s
     0     0    2.00000    0  163          -    2.00000      -     -    1s
     0     0    2.00000    0   54          -    2.00000      -     -    2s
     0     0    2.00000    0  118          -    2.00000      -     -    2s
     0     0    2.00000    0   56          -    2.00000      -     -    2s
     0     0    2.00000    0   56          -    2.00000      -     -    2s
     0     2    2.00000    0   56          -    2.00000      -     -    3s
   121   100   16.49201   19  404          -    2.00000      -   346    5s
   897   634    3.45456   10  335          -    2.00000      -   258   10s
H 1053   674                     173.0000000    2.00000  98.8%   256   12s
  1055   675   64.60000   73  629  173.00000    2.00024  98.8%   256   16s
  1058   677   61.26569   72 1309  173.00000    2.11572  98.8%   255   20s
  1060   678   14.89068   18 1872  173.00000    2.27639  98.7%   255   27s
  1061   679   26.83352   30 1850  173.00000    2.43979  98.6%   254   31s
  1063   680    6.18490    6 1998  173.00000    2.50320  98.6%   254   39s
  1064   681   16.63480   18 1988  173.00000    2.50669  98.6%   254   41s
  1065   682    8.29049   16 2159  173.00000    2.53378  98.5%   254   46s
  1067   683   72.00000   95 2093  173.00000    2.54707  98.5%   253   54s
  1068   684   16.23902   19 2081  173.00000    2.54929  98.5%   253   56s
  1070   685   64.40000   72 2033  173.00000    2.56371  98.5%   252   60s
H 1072   651                     172.0000000    2.57838  98.5%   252   66s
  1076   654   13.07239   18 2032  172.00000    2.58358  98.5%   251   70s
  1079   656   72.00000   95 2063  172.00000    2.59041  98.5%   250   76s
  1082   658   12.42332   16 2090  172.00000    2.59373  98.5%   250   80s
  1085   660    6.93803   13 1931  172.00000    2.67628  98.4%   249   87s
  1086   661   12.92574   16 1889  172.00000    2.68264  98.4%   249   90s
  1089   663    8.59394   17 2056  172.00000    2.76760  98.4%   248   96s
H 1092   631                     170.0000000    2.78754  98.4%   247  101s
  1096   633   14.20248   22 2071  170.00000    2.79944  98.4%   246  105s
  1100   636   30.82313   36 1973  170.00000    2.82196  98.3%   245  110s
  1107   641   14.70161   19 1796  170.00000    2.83639  98.3%   244  115s
  1118   649   34.57035   41  385  170.00000    2.83639  98.3%   475  120s
  1120   651   29.00924   35 1451  170.00000    2.83639  98.3%   474  126s
  1121   651   72.14286   94 1398  170.00000    2.86593  98.3%   473  131s
  1123   653   41.19491   52 1444  170.00000    2.94836  98.3%   473  137s
  1124   653    4.87743   11 1546  170.00000    2.95615  98.3%   472  141s
  1125   654   31.55386   37 1558  170.00000    2.97184  98.3%   472  146s
  1127   655    6.34536   14 1521  170.00000    2.98305  98.2%   471  153s
  1128   656   26.09210   34 1540  170.00000    2.98546  98.2%   470  156s
  1129   657   32.15476   50 1477  170.00000    3.00000  98.2%   470  163s
  1130   657   68.00000   80 1477  170.00000    3.00000  98.2%   470  165s
  1132   659   19.03465   28 1490  170.00000    3.00000  98.2%   469  171s
  1133   659   68.00000   80 1504  170.00000    3.00000  98.2%   468  175s
  1135   661   36.76540   44 1509  170.00000    3.00000  98.2%   468  182s
  1137   662   32.91564   37 1508  170.00000    3.00000  98.2%   467  185s
  1144   668   14.29888   22  385  170.00000    3.00000  98.2%   545  191s
  1145   669   35.32051   45 1584  170.00000    3.00000  98.2%   545  197s
  1146   670   64.00000   72 1538  170.00000    3.00000  98.2%   544  200s
  1148   671    3.00003   12 1432  170.00000    3.00003  98.2%   543  205s
  1152   674   64.00000   82 1434  170.00000    3.00003  98.2%   541  210s
  1155   676   64.60000   73 1443  170.00000    3.00003  98.2%   540  216s
  1158   678   61.26569   72 1449  170.00000    3.00003  98.2%   539  221s
  1161   680   26.83352   30 1498  170.00000    3.00004  98.2%   537  225s
  1164   682   16.63480   18 1500  170.00000    3.00007  98.2%   536  230s
  1167   684   72.00000   95 1551  170.00000    3.00013  98.2%   534  235s
  1171   686   46.26377   47 1564  170.00000    3.00016  98.2%   533  242s
  1173   688   14.70161   19 1536  170.00000    3.00018  98.2%   532  245s
  1176   690   13.07239   18 1564  170.00000    3.00018  98.2%   530  250s
  1180   692   28.99393   34 1571  170.00000    3.00018  98.2%   529  255s
  1188   699   22.81757   34  385  170.00000    3.00018  98.2%   595  261s
  1189   700    8.59394   17 1489  170.00000    3.00018  98.2%   595  266s
  1190   701   35.53527   48 1466  170.00000    3.00018  98.2%   594  274s
  1191   701   18.77031   24 1588  170.00000    3.00018  98.2%   594  276s
  1193   703   64.00000   65 1569  170.00000    3.00018  98.2%   593  280s
  1195   704   46.30885   48 1546  170.00000    3.00019  98.2%   592  285s
  1197   705    6.62571   18 1589  170.00000    3.00032  98.2%   591  290s
  1199   707    8.66210   10 1610  170.00000    3.00032  98.2%   590  295s
  1201   708    7.24436   14 1587  170.00000    3.00033  98.2%   589  300s
  1204   710   24.69836   27 1578  170.00000    3.00033  98.2%   587  305s
  1208   713   76.25000  107 1588  170.00000    3.00033  98.2%   585  310s
  1210   717    3.00039   57 1555  170.00000    3.00033  98.2%   638  315s
  1216   723    3.00058   59 1522  170.00000    3.00053  98.2%   660  320s
  1224   728    3.00058   60 1517  170.00000    3.00058  98.2%   690  325s
  1232   735    3.00060   61 1506  170.00000    3.00060  98.2%   717  330s
  1248   745    3.00063   64 1493  170.00000    3.00063  98.2%   759  336s
  1258   752    3.00064   66 1510  170.00000    3.00064  98.2%   792  340s
  1268   759    5.27327   67 1263  170.00000    3.00068  98.2%   832  347s
  1281   769    3.00072   69 1525  170.00000    3.00072  98.2%   864  352s
  1295   778    3.00078   71 1545  170.00000    3.00078  98.2%   904  357s
  1309   788    3.00081   73 1497  170.00000    3.00081  98.2%   949  362s
  1316   792    3.00083   74 1507  170.00000    3.00083  98.2%   973  365s
  1330   806    3.00088   76 1411  170.00000    3.00088  98.2%  1014  370s
H 1339   766                     169.0000000    3.00088  98.2%  1030  370s
  1348   782    3.00088   78 1444  169.00000    3.00088  98.2%  1058  376s
  1360   787    3.00088   79 1445  169.00000    3.00088  98.2%  1079  380s
  1376   799    3.00088   81 1406  169.00000    3.00088  98.2%  1134  386s
  1386   808    7.22083   82 1217  169.00000    3.00121  98.2%  1169  390s
  1410   825    3.06852   84 1330  169.00000    3.00142  98.2%  1208  398s
  1424   835    3.00160   86 1341  169.00000    3.00160  98.2%  1238  401s
  1438   842    3.00160   87 1337  169.00000    3.00160  98.2%  1263  406s
  1450   853    3.00187   89 1429  169.00000    3.00187  98.2%  1297  410s
  1465   865    3.00189   91 1422  169.00000    3.00189  98.2%  1333  415s
  1482   882    3.00194   93 1408  169.00000    3.00194  98.2%  1371  420s
  1505   898    3.00203   95 1353  169.00000    3.00203  98.2%  1398  425s
  1528   912    3.00253   97 1440  169.00000    3.00253  98.2%  1431  430s
  1552   916    3.00263   99 1438  169.00000    3.00263  98.2%  1466  437s
  1570   938    3.00312  101 1418  169.00000    3.00312  98.2%  1501  442s
  1598   955    3.00350  103 1392  169.00000    3.00350  98.2%  1525  448s
  1624   983    3.00398  106 1421  169.00000    3.00398  98.2%  1560  455s
  1661  1015    5.72550  108 1314  169.00000    3.00506  98.2%  1586  461s
  1705  1048    3.00526  111 1386  169.00000    3.00526  98.2%  1598  468s
  1753  1090    3.00568  114 1355  169.00000    3.00568  98.2%  1615  477s
  1813  1129    3.00681  117 1285  169.00000    3.00681  98.2%  1624  483s
H 1874  1075                     167.0000000    3.00869  98.2%  1619  483s
  1890  1117    3.00897  121 1177  167.00000    3.00897  98.2%  1619  490s
  1950  1146    3.01009  125 1245  167.00000    3.01009  98.2%  1619  495s
  2011  1151    3.01078  129 1277  167.00000    3.01078  98.2%  1613  502s
  2048  1196    3.01495  134 1210  167.00000    3.01495  98.2%  1634  508s
  2105  1238    3.01803  139 1193  167.00000    3.01803  98.2%  1640  514s
  2166  1266    3.02052  145 1142  167.00000    3.02052  98.2%  1651  522s
  2215  1362    3.02181  152 1153  167.00000    3.02181  98.2%  1679  530s
H 2301  1301                     166.0000000    3.06852  98.2%  1678  530s
H 2331  1385                     165.0000000    3.06852  98.1%  1669  539s
* 2484  1421             185     103.0000000    3.06983  97.0%  1614  547s
  2617  1348   13.29695   90 1320  103.00000    3.06985  97.0%  1574  564s
  2660  1431   30.48543  101 1196  103.00000    3.06985  97.0%  1572  573s
  2780  1502   53.69311  128  933  103.00000    3.07504  97.0%  1559  582s
  2925  1534    3.12129   88 1423  103.00000    3.07504  97.0%  1525  590s
  2983  1588    3.16098  104 1479  103.00000    3.07504  97.0%  1530  606s
H 3004  1586                     102.0000000    3.07504  97.0%  1525  606s
  3037  1679    3.22172  123 1409  102.00000    3.07504  97.0%  1525  620s
  3154  1720    3.22297  124 1377  102.00000    3.07504  97.0%  1495  635s
  3207  1783    3.41277  125 1342  102.00000    3.07504  97.0%  1495  644s
  3270  1901   19.99610  137 1184  102.00000    3.07504  97.0%  1517  662s
  3392  1975    8.89707  141 1144  102.00000    3.07504  97.0%  1517  674s
  3482  2025   23.35560  146  949  102.00000    3.07504  97.0%  1523  688s
  3532  2163   20.89201  146 1189  102.00000    3.07504  97.0%  1531  701s
  3670  2322   24.91046  147 1094  102.00000    3.07504  97.0%  1509  714s
  3862  2433   32.45395  150 1081  102.00000    3.07504  97.0%  1485  726s
  3993  2565   45.71045  163  901  102.00000    3.07578  97.0%  1486  741s
  4159  2749    7.45104   88 1296  102.00000    3.07578  97.0%  1486  756s
  4383  2845    6.68530   95 1291  102.00000    3.07578  97.0%  1473  770s
  4483  2935    9.41907   98 1203  102.00000    3.07578  97.0%  1475  801s
H 4503  2932                     101.0000000    3.07578  97.0%  1480  801s
  4647  3036   11.90993  104 1087  101.00000    3.07578  97.0%  1463  817s
  4775  3196   15.01666  114 1026  101.00000    3.07578  97.0%  1474  833s
  4957  3413   18.40359  129 1273  101.00000    3.07578  97.0%  1481  850s
  5234  3507   33.99744  154  997  101.00000    3.16235  96.9%  1465  867s
H 5268  3506                     100.0000000    3.16235  96.8%  1467  867s
  5366  3705   20.34191  105 1294  100.00000    3.16906  96.8%  1479  885s
  5593  4061   10.84528  109 1280  100.00000    3.16906  96.8%  1471  907s
  5968  4359   10.91957  112 1234  100.00000    3.17656  96.8%  1431  934s
H 6367  4336                      98.0000000    3.21327  96.7%  1404  934s
  6370  4529    7.97648  103 1259   98.00000    3.21327  96.7%  1406  954s
  6626  4851   52.51175  148  934   98.00000    3.22042  96.7%  1405  976s
* 6878  4739             186      92.0000000    3.22054  96.5%  1388  976s
* 6879  4678             186      90.0000000    3.22054  96.4%  1388  976s
  7047  4878    6.34141   63 1186   90.00000    3.33105  96.3%  1386  999s
H 7068  4842                      89.0000000    3.33105  96.3%  1388  999s
  7314  4974   18.55204   84  820   89.00000    3.33105  96.3%  1384 1020s
  7450  5125   57.08579  151  881   89.00000    3.43559  96.1%  1393 1041s
  7611  5463   27.71212  132 1130   89.00000    3.43668  96.1%  1407 1065s
H 7859  5227                      83.0000000    3.43751  95.9%  1400 1065s
  8047  5439    3.60821   75 1282   83.00000    3.43751  95.9%  1395 1090s
H 8308  5580                      81.0000000    3.43751  95.8%  1397 1117s
  8597  5877   49.20994  150 1052   81.00000    3.54989  95.6%  1394 1144s
  8952  6007   78.73346  177  613   81.00000    3.57737  95.6%  1398 1170s
  9163  6170   14.24166   98  872   81.00000    3.60851  95.5%  1399 1202s
  9348  6174   12.70834   79 1197   81.00000    3.60851  95.5%  1407 1286s
  9352  6453   12.84519   80 1228   81.00000    3.61660  95.5%  1408 1316s
  9687  6803    7.75816   78 1258   81.00000    3.64212  95.5%  1410 1350s
 10101  7191    8.94017   72 1339   81.00000    3.69469  95.4%  1412 1382s
 10542  7666   12.15114   84 1227   81.00000    3.81283  95.3%  1411 1420s
 11125  8057   33.40173   99 1144   81.00000    3.84593  95.3%  1405 1449s
 11589  8408   17.04058   92 1083   81.00000    3.87853  95.2%  1400 1484s
 12045  8635    6.57066   77 1278   81.00000    3.93603  95.1%  1391 1511s
 12338  8956    6.28012   82 1088   81.00000    3.93615  95.1%  1394 1543s
 12691  9274   15.20000  109 1276   81.00000    3.93615  95.1%  1403 1576s
 13098  9623   37.20976  136  827   81.00000    4.00000  95.1%  1410 1607s
 13506  9988   20.19727  105 1297   81.00000    4.00000  95.1%  1410 1637s
 13964 10317   19.73023  133 1126   81.00000    4.00657  95.1%  1407 1667s
 14401 10658   11.10614   86 1269   81.00000    4.06871  95.0%  1401 1697s
 14858 10947   11.84217   87 1208   81.00000    4.07774  95.0%  1395 1725s
 15153 11293   28.00201  135 1061   81.00000    4.08367  95.0%  1408 1755s
 15605 11410   10.26397   84 1233   81.00000    4.08418  95.0%  1409 1784s
 15722 11589   13.72920   99 1162   81.00000    4.08418  95.0%  1424 1813s
 15925 11869   20.52407  123 1096   81.00000    4.08422  95.0%  1436 1846s
 16241 12262   14.92492   76 1375   81.00000    4.08455  95.0%  1442 1882s
 16749 12518    4.33102   73 1176   81.00000    4.08550  95.0%  1435 1913s
 17013 12877   15.94756  108 1224   81.00000    4.08637  95.0%  1444 1949s
 17529 13297   14.33696   75 1245   81.00000    4.09369  94.9%  1440 1978s
 18006 13702   10.58847   73 1224   81.00000    4.10397  94.9%  1433 2009s
 18214 13702   13.13986   81 1226   81.00000    4.10397  94.9%  1431 2010s
 18442 14091   52.38585  140 1240   81.00000    4.11438  94.9%  1429 2039s
 18891 14474   34.24679  127 1171   81.00000    4.17888  94.8%  1424 2070s
 19400 14870   42.16208  123 1131   81.00000    4.19859  94.8%  1418 2101s
 19892 15116   26.17594  115 1110   81.00000    4.26183  94.7%  1411 2128s
 20209 15363    7.66118   85 1340   81.00000    4.26357  94.7%  1413 2156s
 20492 15577    9.74489  100 1244   81.00000    4.26357  94.7%  1418 2184s
 20714 15994   27.81080  119 1113   81.00000    4.26574  94.7%  1429 2213s
 21200 15995   77.09643  163   56   81.00000    4.26574  94.7%  1425 2509s
 21202 15996   10.07813  115  385   81.00000    4.26574  94.7%  1425 2511s
 21203 15997   10.70335   82 1533   81.00000    4.26574  94.7%  1425 2519s
 21204 15998   57.28086  164 1520   81.00000    4.26574  94.7%  1425 2520s
 21205 15998   28.49746   92 1552   81.00000    4.26574  94.7%  1425 2526s
 21206 15999   29.13384  117 1538   81.00000    4.26574  94.7%  1425 2531s
 21207 16000   25.99526  104 1563   81.00000    4.26574  94.7%  1425 2538s
 21208 16000    8.63195   84 1565   81.00000    4.26574  94.7%  1424 2544s
 21209 16001   12.85981   73 1572   81.00000    4.26574  94.7%  1424 2549s
 21210 16002   74.92291  159 1552   81.00000    4.26574  94.7%  1424 2554s
 21211 16002   44.79963  148 1583   81.00000    4.26574  94.7%  1424 2560s
 21212 16003   29.74813  123 1542   81.00000    4.26574  94.7%  1424 2567s
 21213 16004   73.21667  174 1576   81.00000    4.26574  94.7%  1424 2574s
 21214 16004   22.38818  109 1582   81.00000    4.26574  94.7%  1424 2580s
 21215 16005   31.47604  117 1573   81.00000    4.26574  94.7%  1424 2586s
 21216 16006   35.26997  132 1553   81.00000    4.26574  94.7%  1424 2592s
 21217 16006   36.68768   98 1612   81.00000    4.26574  94.7%  1424 2597s
 21218 16007   45.55572  152 1662   81.00000    4.26574  94.7%  1424 2603s
 21219 16008   16.54697   82 1607   81.00000    4.26574  94.7%  1424 2610s
 21220 16008   45.90183  144 1616   81.00000    4.26574  94.7%  1424 2616s
 21221 16009   73.01442  156 1608   81.00000    4.26574  94.7%  1424 2623s
 21222 16010   61.12708  147 1606   81.00000    4.26574  94.7%  1424 2629s
 21223 16010    9.34601   95 1601   81.00000    4.26574  94.7%  1423 2636s
 21224 16011   38.86590  141 1602   81.00000    4.26574  94.7%  1423 2643s
 21225 16012   17.56684  118 1609   81.00000    4.26574  94.7%  1423 2649s
 21226 16012   72.48295  167 1631   81.00000    4.26574  94.7%  1423 2655s
 21227 16013    4.50616  113 1641   81.00000    4.26574  94.7%  1423 2663s
 21228 16014   18.43285  150 1608   81.00000    4.26574  94.7%  1423 2668s
H21228 15212                      80.0000000    4.26574  94.7%  1423 2674s
 21230 15213   58.33424  158 1611   80.00000    4.26574  94.7%  1423 2681s
 21231 15214   12.90472   97 1622   80.00000    4.26574  94.7%  1423 2687s
 21232 15214    5.97170   68 1610   80.00000    4.26574  94.7%  1423 2695s
 21233 15215   32.75359  138 1563   80.00000    4.26574  94.7%  1423 2702s
 21234 15216   12.39383  119 1557   80.00000    4.26574  94.7%  1423 2708s
H21234 14455                      79.0000000    4.26574  94.6%  1423 2715s
 21236 14456   68.55417  167 1579   79.00000    4.26574  94.6%  1423 2720s
 21237 14457   18.71219  101 1541   79.00000    4.26574  94.6%  1423 2726s
 21238 14457   65.65425  164 1532   79.00000    4.26574  94.6%  1422 2731s
 21239 14458   39.27703   99 1512   79.00000    4.26574  94.6%  1422 2738s
 21240 14459   62.48936  152 1519   79.00000    4.26574  94.6%  1422 2743s
 21241 14459   68.12238  164 1536   79.00000    4.26574  94.6%  1422 2749s
 21242 14460    8.87157   76 1530   79.00000    4.26574  94.6%  1422 2754s
 21243 14461   74.85505  146 1542   79.00000    4.26574  94.6%  1422 2760s
 21244 14461   31.70641  118 1524   79.00000    4.26574  94.6%  1422 2766s
 21245 14462   19.38582  140 1545   79.00000    4.26574  94.6%  1422 2773s
 21246 14463   41.10688  127 1537   79.00000    4.26574  94.6%  1422 2779s
 21247 14463   12.69812   86 1530   79.00000    4.26574  94.6%  1422 2786s
 21249 14465   28.74304  133 1530   79.00000    4.26574  94.6%  1422 2794s
 21250 14468    4.26574   71 1525   79.00000    4.26574  94.6%  1427 2798s
 21252 14472    4.26574   72 1485   79.00000    4.26574  94.6%  1427 2801s
 21260 14477    5.90297   73  909   79.00000    4.26574  94.6%  1429 2806s
 21268 14482    4.26574   74 1480   79.00000    4.26574  94.6%  1430 2811s
 21276 14488    5.65851   75 1248   79.00000    4.26574  94.6%  1431 2815s
 21288 14497    4.26574   77 1284   79.00000    4.26574  94.6%  1433 2821s
 21297 14502    5.31775   78 1254   79.00000    4.26574  94.6%  1434 2827s
 21301 14505    4.26574   79 1413   79.00000    4.26574  94.6%  1435 2830s
 21313 14514    4.26574   81 1318   79.00000    4.26574  94.6%  1437 2836s
 21324 14521    4.26574   83 1402   79.00000    4.26574  94.6%  1438 2841s
 21335 14531    4.26574   85 1315   79.00000    4.26574  94.6%  1440 2846s
 21343 14536    4.26574   86 1285   79.00000    4.26574  94.6%  1441 2850s
 21358 14546    4.26574   88 1295   79.00000    4.26574  94.6%  1443 2855s
 21374 14558    4.26574   90 1292   79.00000    4.26574  94.6%  1445 2862s
 21383 14564    4.26574   91 1298   79.00000    4.26574  94.6%  1445 2865s
 21400 14576    4.26574   93 1280   79.00000    4.26574  94.6%  1447 2871s
 21410 14581    4.26574   94 1303   79.00000    4.26574  94.6%  1448 2880s
 21429 14598    5.39848   96 1280   79.00000    4.26574  94.6%  1450 2889s
 21441 14603    6.34394   97 1270   79.00000    4.26574  94.6%  1452 2914s
 21452 14610    7.19889   98 1244   79.00000    4.26574  94.6%  1453 2919s
 21463 14622    4.26574  100 1322   79.00000    4.26574  94.6%  1454 2923s
 21479 14636    4.26574  102 1355   79.00000    4.26574  94.6%  1456 2929s
 21498 14648    4.26574  104 1413   79.00000    4.26574  94.6%  1458 2934s
 21516 14666    4.26574  106 1340   79.00000    4.26574  94.6%  1459 2938s
 21540 14685    4.26574  108 1367   79.00000    4.26574  94.6%  1460 2944s
 21567 14704    4.26574  110 1394   79.00000    4.26574  94.6%  1462 2949s
 21595 14721    4.26574  112 1371   79.00000    4.26574  94.6%  1463 2954s
 21622 14747    6.13792  114 1226   79.00000    4.26574  94.6%  1465 2960s
 21657 14791    4.26574  117 1341   79.00000    4.26574  94.6%  1467 2965s
 21714 14831    7.19015  119 1284   79.00000    4.26574  94.6%  1468 2971s
 21775 14871    4.26574  122 1356   79.00000    4.26574  94.6%  1468 2978s
 21844 14890    4.26574  124 1255   79.00000    4.26574  94.6%  1466 2984s
 21914 14904    4.26574  127 1185   79.00000    4.26574  94.6%  1464 2989s
 21960 14897    4.26574  130 1167   79.00000    4.26574  94.6%  1464 2996s
 21979 14909    4.26574  132 1197   79.00000    4.26574  94.6%  1466 3002s
 21998 14920    4.26574  135 1155   79.00000    4.26574  94.6%  1468 3008s
 22015 14924   19.46041  137 1011   79.00000    4.26574  94.6%  1470 3026s
 22025 14944 infeasible  138        79.00000    4.26574  94.6%  1471 3034s
 22074 14952    5.50194   78 1178   79.00000    4.26574  94.6%  1472 3041s
 22098 14986    6.48237   81 1192   79.00000    4.26574  94.6%  1473 3048s
 22140 15033   10.62208   88 1250   79.00000    4.26574  94.6%  1474 3056s
 22203 15048   17.25605   94 1177   79.00000    4.26574  94.6%  1474 3064s
 22255 15040   25.85526  109 1036   79.00000    4.26574  94.6%  1475 3080s
 22265 15107   29.42307  113 1021   79.00000    4.26574  94.6%  1476 3089s
 22341 15129 infeasible  163        79.00000    4.26574  94.6%  1475 3097s
 22396 15173    5.94787   81 1251   79.00000    4.26574  94.6%  1476 3109s
 22459 15204    9.80493   82 1051   79.00000    4.26574  94.6%  1475 3119s
 22542 15214   10.37865   92 1208   79.00000    4.26574  94.6%  1474 3129s
 22581 15253   11.06526  100 1178   79.00000    4.26574  94.6%  1476 3139s
 22647 15333   16.64111  112 1048   79.00000    4.26574  94.6%  1478 3149s
 22755 15333   27.95436  130 1110   79.00000    4.26574  94.6%  1478 3165s
 22845 15364   28.21438  131 1076   79.00000    4.26574  94.6%  1477 3177s
 22933 15382    4.26574   81 1494   79.00000    4.26574  94.6%  1478 3189s
 22981 15431    8.23001   88  939   79.00000    4.26574  94.6%  1480 3210s
 23046 15533   19.14884  105 1119   79.00000    4.26574  94.6%  1481 3224s
 23215 15519 infeasible  154        79.00000    4.26574  94.6%  1477 3237s
 23266 15585    7.35024   85 1134   79.00000    4.26574  94.6%  1481 3250s
 23355 15671   17.17719   99 1137   79.00000    4.26574  94.6%  1483 3266s
 23508 15757   36.74467  124 1014   79.00000    4.26574  94.6%  1480 3282s
 23667 15799    4.83472   85 1124   79.00000    4.26574  94.6%  1478 3298s
 23804 15866   13.80179   96 1219   79.00000    4.26574  94.6%  1477 3315s
 23930 15943   46.05125  124  804   79.00000    4.26574  94.6%  1477 3333s
 24082 15944    6.74995   97 1215   79.00000    4.26574  94.6%  1476 3368s
 24150 16048    8.07933   98 1217   79.00000    4.26574  94.6%  1475 3386s
 24300 16132   29.02595  124  926   79.00000    4.26574  94.6%  1474 3405s
 24458 16248   13.16135   92 1392   79.00000    4.26574  94.6%  1474 3427s
 24657 16432   56.31966  136  896   79.00000    4.26574  94.6%  1472 3449s
 24980 16495   29.48751  108 1113   79.00000    4.26574  94.6%  1464 3469s
 25219 16653    9.24678  100 1199   79.00000    4.26574  94.6%  1461 3493s
 25558 16740   16.59828  101 1179   79.00000    4.26574  94.6%  1456 3515s
 25810 16809   56.79557  144  966   79.00000    4.26574  94.6%  1455 3540s
 26044 16871   35.88745  141  656   79.00000    4.26574  94.6%  1453 3565s
 26229 17028   26.13031  108 1039   79.00000    4.26574  94.6%  1456 3591s
 26488 17068   11.05448   87 1126   79.00000    4.26574  94.6%  1456 3615s
 26623 17169   16.54791   93 1211   79.00000    4.26574  94.6%  1462 3639s
 26785 17604   29.36806  102 1072   79.00000    4.26574  94.6%  1465 3669s
 27328 17739   75.74419  164  679   79.00000    4.26574  94.6%  1454 3696s
 27789 17934    4.26574  125  546   79.00000    4.26574  94.6%  1449 3727s
 28217 18078    6.80825  128 1229   79.00000    4.26574  94.6%  1444 3757s
 28633 18267   11.83325  118 1172   79.00000    4.26574  94.6%  1440 3786s
 29076 18448   10.54316  110 1272   79.00000    4.28687  94.6%  1437 3817s
 29495 18610    9.95776   89 1205   79.00000    4.33062  94.5%  1435 3849s
 29861 18865    9.57856   89 1214   79.00000    4.38223  94.5%  1432 3882s
 30397 19011   22.77720   96 1241   79.00000    4.41832  94.4%  1429 3915s
 30804 19176   28.76206  102 1046   79.00000    4.45111  94.4%  1429 3950s
 31194 19260   19.39021  111  862   79.00000    4.56006  94.2%  1433 3988s
 31446 19696   35.22589  140 1206   79.00000    4.56446  94.2%  1441 4034s
 31998 19901   76.46032  173  893   79.00000    4.60941  94.2%  1445 4067s
 32522 20235   11.00572   89 1270   79.00000    4.61851  94.2%  1446 4097s
 33197 20316   19.80616   92 1310   79.00000    4.75048  94.0%  1435 4122s
 33584 20481    9.97436   88 1338   79.00000    4.80734  93.9%  1432 4147s
 34028 20743   18.25984   96 1097   79.00000    4.94130  93.7%  1426 4172s
 34694 20570   53.29462  132  704   79.00000    5.00000  93.7%  1416 4204s
 34786 20778   65.10606  142  525   79.00000    5.00000  93.7%  1414 4233s
 35098 21086   22.90964  116 1216   79.00000    5.00000  93.7%  1411 4257s
 35576 21123   32.77060  108 1112   79.00000    5.05243  93.6%  1406 4279s
 35854 21159    8.48931   81 1180   79.00000    5.08180  93.6%  1407 4300s
 35987 21334   10.76690   91 1295   79.00000    5.08180  93.6%  1412 4325s
 36252 21552   25.94050  111 1161   79.00000    5.08180  93.6%  1415 4350s
 36622 21821 infeasible  149        79.00000    5.11376  93.5%  1415 4376s
 37152 21782    9.82863  112 1268   79.00000    5.17227  93.5%  1410 4401s
 37333 21905   47.17931  148  981   79.00000    5.21846  93.4%  1412 4427s
 37553 22008   20.32079  102 1082   79.00000    5.24106  93.4%  1413 4456s
 37800 22305   27.59428  101 1012   79.00000    5.25569  93.3%  1410 4484s
 38261 22443   64.64597  142  595   79.00000    5.31294  93.3%  1407 4509s
 38688 22632   22.65572   95 1107   79.00000    5.35344  93.2%  1404 4535s
 39169 22829   26.62663  101 1171   79.00000    5.36837  93.2%  1399 4561s
 39637 23031   26.46856  102 1165   79.00000    5.38612  93.2%  1395 4587s
 40067 23207   28.62046  109  976   79.00000    5.42816  93.1%  1392 4614s
 40513 23250   12.58710   94 1231   79.00000    5.43874  93.1%  1389 4637s
 40743 23516   35.26463  118  990   79.00000    5.44885  93.1%  1391 4665s
 41165 23767    8.74838   82 1263   79.00000    5.45077  93.1%  1390 4691s
 41684 23946   19.74836   92 1109   79.00000    5.48038  93.1%  1386 4725s
 42130 24203   26.95571  102  942   79.00000    5.49467  93.0%  1386 4758s
 42631 24397   33.65895  121 1043   79.00000    5.50678  93.0%  1384 4786s
 43080 24418   15.71968   99 1228   79.00000    5.52270  93.0%  1382 4816s
 43272 24881   19.85973  108 1066   79.00000    5.55158  93.0%  1385 4847s
 43898 25081   10.06824   96 1301   79.00000    5.56257  93.0%  1381 4874s
 44495 25240   18.16934   85 1237   79.00000    5.57843  92.9%  1375 4900s
 44925 25321   11.86302   92 1179   79.00000    5.60056  92.9%  1372 4928s
 45220 25400   10.53540   85 1237   79.00000    5.61738  92.9%  1370 4958s
 45449 25655   20.40428  103 1041   79.00000    5.63171  92.9%  1372 4985s
 45829 25881   18.72769   93 1252   79.00000    5.64668  92.9%  1373 5011s
 46266 26050   13.68795   95 1048   79.00000    5.65055  92.8%  1373 5038s
 46706 26290   14.49906   89 1185   79.00000    5.69069  92.8%  1370 5064s
 47137 26585   26.19286  106  991   79.00000    5.72772  92.7%  1368 5092s
 47731 26736   40.93958  132 1047   79.00000    5.75638  92.7%  1362 5117s
 48201 26828   30.07731  105 1079   79.00000    5.77156  92.7%  1360 5143s
 48501 26918   34.87766  132 1185   79.00000    5.78690  92.7%  1360 5169s
 48737 27177   48.24969  118 1045   79.00000    5.79817  92.7%  1358 5196s
 49182 27358   12.26862   89 1147   79.00000    5.80554  92.7%  1358 5223s
 49587 27491   11.96152   91 1200   79.00000    5.82676  92.6%  1357 5249s
 49932 27822   24.54473   90 1233   79.00000    5.83893  92.6%  1355 5277s
 50532 28018   39.28429  119  985   79.00000    5.86696  92.6%  1350 5302s
 51049 28032   41.92507  139  938   79.00000    5.87825  92.6%  1347 5327s
 51279 28308   47.95158  134  872   79.00000    5.89847  92.5%  1351 5353s
 51699 28511   15.58713   89 1177   79.00000    5.90854  92.5%  1350 5380s
 52140 28645    9.49802   77 1295   79.00000    5.91684  92.5%  1348 5411s
 52464 29051   31.15219  117  877   79.00000    5.92024  92.5%  1350 5452s
 53121 29248   35.17214  110 1009   79.00000    5.95230  92.5%  1349 5484s
 53681 29498   16.32183  140 1170   79.00000    5.97668  92.4%  1344 5511s
 54284 29608   43.11991  136 1017   79.00000    5.99020  92.4%  1340 5535s
 54683 29650   13.06529   88 1181   79.00000    6.02869  92.4%  1338 5558s
 54908 29811   18.19733   96 1143   79.00000    6.02869  92.4%  1340 5585s
 55224 29960   29.99772  119 1020   79.00000    6.06383  92.3%  1339 5613s
 55587 30242    7.06049   91 1205   79.00000    6.07905  92.3%  1338 5642s
 56126 30379   30.33152  124 1020   79.00000    6.11146  92.3%  1336 5668s
 56531 30690   14.10936   82 1200   79.00000    6.13201  92.2%  1335 5695s
 57035 30788   15.96307   97 1235   79.00000    6.14249  92.2%  1333 5721s
 57377 30809   12.29009   88 1075   79.00000    6.15651  92.2%  1332 5746s
 57544 31031   13.87133   98 1098   79.00000    6.15651  92.2%  1333 5772s
 57898 31201   23.86370  106 1185   79.00000    6.15651  92.2%  1335 5797s
 58298 31415   28.56753  108 1025   79.00000    6.15651  92.2%  1335 5823s
 58706 31582   36.35815  116  980   79.00000    6.15651  92.2%  1335 5849s
 59059 31719   57.46293  155  780   79.00000    6.19617  92.2%  1337 5876s
 59447 32036   18.25569   87 1225   79.00000    6.19794  92.2%  1337 5903s
 59974 32198   13.93457   81 1125   79.00000    6.20762  92.1%  1334 5929s
 60371 32369   11.12264   92 1181   79.00000    6.22651  92.1%  1332 5955s
 60838 32529   19.67646   88 1212   79.00000    6.24022  92.1%  1328 5981s
 61278 32568    7.58663   81 1182   79.00000    6.25776  92.1%  1327 6007s
 61492 32812   21.33984   99 1138   79.00000    6.29036  92.0%  1330 6033s
 61883 33105   56.63730  151  902   79.00000    6.31042  92.0%  1331 6062s
 62416 33351   22.19529   92 1158   79.00000    6.32341  92.0%  1327 6094s
 62934 33419    8.90491   93 1238   79.00000    6.32404  92.0%  1326 6118s
 63213 33564   19.74813  110  944   79.00000    6.33380  92.0%  1327 6146s
 63520 34100   13.42567   80 1240   79.00000    6.33577  92.0%  1327 6179s
 63899 33974   33.21047  117  857   79.00000    6.34097  92.0%  1324 6180s
 64327 34102   12.65036   92 1178   79.00000    6.34106  92.0%  1321 6203s
 64664 34476   23.58280  101 1210   79.00000    6.34988  92.0%  1321 6227s
 65232 34732   25.70903  102 1046   79.00000    6.38285  91.9%  1317 6251s
 65568 35047   13.26078   82 1271   79.00000    6.39763  91.9%  1316 6275s
 65955 35360   23.33089   99 1177   79.00000    6.41542  91.9%  1316 6299s
 66361 35721   18.63162   91 1133   79.00000    6.43359  91.9%  1315 6323s
 66804 35937   15.78238   87 1280   79.00000    6.44033  91.8%  1313 6347s
 67068 36384   16.56862   88 1275   79.00000    6.45217  91.8%  1312 6371s
 67623 36798   29.19388  123 1094   79.00000    6.46143  91.8%  1309 6395s
 68152 37111   10.19218   82 1271   79.00000    6.48660  91.8%  1306 6418s
 68513 37376   72.94706  163  802   79.00000    6.49979  91.8%  1305 6441s
 68858 37632   21.17486   96 1095   79.00000    6.51728  91.8%  1305 6463s
 69136 38065   24.04292  103 1118   79.00000    6.51949  91.7%  1305 6487s
 69664 38441   27.43846   97 1155   79.00000    6.54342  91.7%  1302 6511s
 70121 38760   21.26943   90 1050   79.00000    6.55331  91.7%  1300 6533s
 70498 39054   25.23898   99 1069   79.00000    6.56597  91.7%  1299 6556s
 70865 39376    9.64343   83 1330   79.00000    6.56597  91.7%  1298 6580s
 71230 39623   54.59930  144  913   79.00000    6.58163  91.7%  1296 6605s
 71519 40006   41.75681  127  841   79.00000    6.58262  91.7%  1296 6628s
 72034 40339   36.32035  129 1242   79.00000    6.60209  91.6%  1294 6653s
 72462 40633   35.03029  111 1135   79.00000    6.61884  91.6%  1292 6676s
 72808 40988   29.11706  106 1139   79.00000    6.62402  91.6%  1290 6706s
 73229 41534   46.28571  131  718   79.00000    6.63102  91.6%  1290 6737s
 73899 41825   19.43766   86 1205   79.00000    6.63999  91.6%  1287 6758s
 74265 42198   23.50704   99 1143   79.00000    6.65773  91.6%  1286 6781s
 74700 42498   44.35040  131 1002   79.00000    6.67169  91.6%  1284 6805s
 75088 42766   50.24759  132  753   79.00000    6.68197  91.5%  1282 6828s
 75432 43146   43.23694  133  947   79.00000    6.69534  91.5%  1281 6854s
 75935 43347    7.89045   89 1152   79.00000    6.70159  91.5%  1278 6896s
 76221 43711   23.68301  111 1010   79.00000    6.70299  91.5%  1277 6919s
 76657 43985   24.90925   94 1198   79.00000    6.72292  91.5%  1275 6942s
 77018 44385   18.14022   93 1122   79.00000    6.72794  91.5%  1275 6966s
 77470 44815   20.12040   89 1136   79.00000    6.73328  91.5%  1273 6992s
 77944 45154   10.03452   88 1014   79.00000    6.73328  91.5%  1270 7016s
 78382 45520   25.77890  102  934   79.00000    6.73944  91.5%  1270 7040s
 78853 45851   12.39480   87 1278   79.00000    6.74998  91.5%  1268 7062s
 79247 46162   12.81853   94 1094   79.00000    6.76595  91.4%  1268 7086s
 79628 46510   11.17309   85 1332   79.00000    6.77219  91.4%  1268 7109s
 80052 46867   12.45119   92 1316   79.00000    6.78654  91.4%  1267 7132s
 80524 47268   19.43866   97 1063   79.00000    6.80744  91.4%  1265 7156s
 81061 47608   11.57658   82 1261   79.00000    6.82494  91.4%  1263 7178s
 81469 48018   16.76343  101 1227   79.00000    6.84893  91.3%  1262 7202s
 81967 48370   55.67500  141  806   79.00000    6.86609  91.3%  1261 7225s
 82445 48673   16.44125   98  995   79.00000    6.88626  91.3%  1259 7246s
 82843 49058   53.12411  137  680   79.00000    6.89280  91.3%  1259 7269s
 83347 49541   11.63335   86 1346   79.00000    6.90334  91.3%  1257 7296s
 83974 49837   32.62319  113 1162   79.00000    6.92486  91.2%  1254 7315s
 84367 50122   35.51535  119 1101   79.00000    6.92998  91.2%  1253 7334s
 84723 50461   22.84845   87 1070   79.00000    6.95492  91.2%  1252 7355s
 85132 50811   14.16512  118 1224   79.00000    6.96527  91.2%  1251 7375s
 85490 51304   71.39564  156  845   79.00000    6.97222  91.2%  1251 7397s
 86133 51586   59.90071  157  903   79.00000    6.97907  91.2%  1247 7416s
 86523 51822   76.58333  157  581   79.00000    6.98271  91.2%  1246 7435s
 86801 51990   14.40535   80 1009   79.00000    6.99384  91.1%  1246 7454s
 86985 52386   22.07215   87 1149   79.00000    6.99384  91.1%  1248 7478s
 87459 52769   55.90988  129  767   79.00000    7.01354  91.1%  1247 7500s
 87981 53080   21.46196   88  941   79.00000    7.03807  91.1%  1245 7520s
 88392 53414   24.86403  100 1031   79.00000    7.05009  91.1%  1244 7539s
 88802 53793   52.53195  135  990   79.00000    7.06083  91.1%  1243 7560s
 89285 54154   16.21878   94 1065   79.00000    7.07694  91.0%  1241 7580s
 89745 54616   23.27151   95 1141   79.00000    7.08751  91.0%  1239 7600s
 90288 55002   63.19305  144  900   79.00000    7.10302  91.0%  1237 7619s
 90763 55357   52.85650  129  849   79.00000    7.11809  91.0%  1235 7637s
 91189 55673   20.48560   92 1281   79.00000    7.12064  91.0%  1234 7655s
 91575 55984   22.94618   98 1010   79.00000    7.12891  91.0%  1232 7675s
 91994 56255   12.63448   85  923   79.00000    7.14554  91.0%  1232 7693s
 92291 56548   28.17345  103 1070   79.00000    7.14554  91.0%  1232 7712s
 92620 56881   44.58546  120  945   79.00000    7.15345  90.9%  1232 7731s
 93077 57166   16.79852   89  939   79.00000    7.16877  90.9%  1231 7749s
 93429 57317 infeasible   96        79.00000    7.17907  90.9%  1230 7768s
 93609 57663   54.56121  132  798   79.00000    7.18432  90.9%  1231 7794s
 94042 57992   63.74541  153  852   79.00000    7.19525  90.9%  1231 7820s
 94468 58386   12.29828   88 1170   79.00000    7.19838  90.9%  1232 7847s
 95006 58717   13.76047   82 1356   79.00000    7.19995  90.9%  1230 7870s
 95397 59189   22.60687  104 1039   79.00000    7.21311  90.9%  1230 7894s
 96069 59566   12.82388   82 1231   79.00000    7.24486  90.8%  1228 7915s
 96541 59885   11.99861   90 1060   79.00000    7.25962  90.8%  1226 7935s
 96964 60212   13.64949   89 1114   79.00000    7.27096  90.8%  1225 7954s
 97360 60432   23.08046  133 1017   79.00000    7.28377  90.8%  1224 7974s
 97638 60597   20.67893  110 1107   79.00000    7.28428  90.8%  1225 7994s
 97845 61020   44.44345  129  719   79.00000    7.28530  90.8%  1227 8016s
 98356 61411   70.68205  145  691   79.00000    7.29699  90.8%  1226 8036s
 98857 61774   10.36204   85 1381   79.00000    7.31122  90.7%  1224 8058s
 99344 62173   20.41359   94  871   79.00000    7.33384  90.7%  1223 8079s
 99848 62504   37.65176  118 1037   79.00000    7.34633  90.7%  1221 8099s
 100262 62852   67.95476  156  709   79.00000    7.35345  90.7%  1220 8121s
 100706 63060   23.79616  122 1132   79.00000    7.37106  90.7%  1219 8143s
 100971 63194   14.43354   91 1088   79.00000    7.37832  90.7%  1219 8164s
 101105 63525   34.63265  123 1037   79.00000    7.37991  90.7%  1221 8187s
 101558 63833   11.16871   93 1265   79.00000    7.38952  90.6%  1220 8211s
 101974 64145   14.41626   88 1182   79.00000    7.41044  90.6%  1219 8233s
 102343 64525   24.96632   93 1141   79.00000    7.42836  90.6%  1219 8256s
 102847 64821   68.20000  153  344   79.00000    7.44812  90.6%  1217 8276s
 103230 65240   23.22069  104  886   79.00000    7.46202  90.6%  1217 8298s
 103824 65682   34.76253  115 1050   79.00000    7.47740  90.5%  1214 8327s
 104500 65909   12.49334   81 1369   79.00000    7.50715  90.5%  1212 8345s
 104769 66260   36.61436  125  970   79.00000    7.52641  90.5%  1212 8366s
 105207 66434    9.10856   85 1201   79.00000    7.53437  90.5%  1210 8385s
 105433 66759   14.67107   93 1151   79.00000    7.53437  90.5%  1210 8406s
 105814 67094   50.88105  124  808   79.00000    7.55429  90.4%  1210 8431s
 106247 67390   32.00564   96 1076   79.00000    7.56363  90.4%  1209 8454s
 106629 67633   42.16425  122 1065   79.00000    7.56574  90.4%  1209 8476s
 106931 67989   18.92983   91 1043   79.00000    7.57066  90.4%  1209 8498s
 107446 68240   20.51868   90 1172   79.00000    7.57535  90.4%  1208 8520s
 107759 68412   12.98890   90 1327   79.00000    7.59275  90.4%  1208 8541s
 107937 68811   32.08557  113  975   79.00000    7.59275  90.4%  1209 8565s
 108414 69125   67.76145  151  591   79.00000    7.59772  90.4%  1209 8588s
 108817 69503   13.24827   79 1268   79.00000    7.60844  90.4%  1208 8611s
 109270 69839   13.19523   97 1104   79.00000    7.62286  90.4%  1207 8633s
 109722 70090   34.02652  109 1098   79.00000    7.62845  90.3%  1206 8655s
 110080 70480   19.72331  138 1109   79.00000    7.64189  90.3%  1206 8679s
 110549 70841   11.55393   89 1186   79.00000    7.66038  90.3%  1205 8701s
 110998 71160   27.55220   97  903   79.00000    7.67459  90.3%  1204 8722s
 111391 71413   14.60580   90 1288   79.00000    7.69124  90.3%  1203 8743s
 111644 71811   36.25184  110  979   79.00000    7.69135  90.3%  1204 8766s
 112168 72212 infeasible  105        79.00000    7.71179  90.2%  1203 8790s
 112754 72439   17.78754   99 1124   79.00000    7.73966  90.2%  1201 8811s
 113053 72655   30.28819  100 1021   79.00000    7.74533  90.2%  1201 8832s
 113321 72827   19.92682  115 1157   79.00000    7.74709  90.2%  1202 8853s
 113495 73145   40.77167  136  910   79.00000    7.74943  90.2%  1203 8875s
 113895 73377   38.75183  121 1147   79.00000    7.75008  90.2%  1203 8896s
 114197 73715   33.41724  118 1088   79.00000    7.76604  90.2%  1204 8921s
 114597 74212   37.62261  133 1061   79.00000    7.77141  90.2%  1204 8952s
 115293 74498   17.37982   91 1219   79.00000    7.79940  90.1%  1202 8973s
 115661 74722   14.86487   99 1135   79.00000    7.80583  90.1%  1202 8994s
 115940 74949   47.14510  122  884   79.00000    7.80628  90.1%  1202 9016s
 116235 75306   31.86609  104 1098   79.00000    7.81560  90.1%  1203 9039s
 116547 75306   13.81243   85 1080   79.00000    7.81560  90.1%  1203 9040s
 116662 75710   20.94894   92 1045   79.00000    7.81560  90.1%  1202 9064s
 117167 76077   71.79626  159  868   79.00000    7.82722  90.1%  1201 9087s
 117624 76365   62.54517  158  718   79.00000    7.83129  90.1%  1200 9110s
 118048 76683   30.34313  137 1012   79.00000    7.83750  90.1%  1199 9133s
 118512 76901   13.84991  100 1214   79.00000    7.84774  90.1%  1198 9154s
 118774 77162   21.15955   97 1236   79.00000    7.86109  90.0%  1199 9176s
 119109 77401   28.02702   96 1187   79.00000    7.86635  90.0%  1199 9200s
 119390 77855   22.16110   99 1096   79.00000    7.86877  90.0%  1200 9226s
 119999 78216   25.93363   89 1135   79.00000    7.88004  90.0%  1198 9249s
 120479 78467   20.81174   91 1161   79.00000    7.89833  90.0%  1197 9270s

Cutting planes:
  Gomory: 1
  Cover: 130
  MIR: 31
  Flow cover: 551
  Inf proof: 255
  Zero half: 15
  RLT: 31

Explored 120864 nodes (144700272 simplex iterations) in 9274.27 seconds (14960.64 work units)
Thread count was 8 (of 8 available processors)

Solution count 10: 79 80 81 ... 101

Solve interrupted
Best objective 7.900000000000e+01, best bound 8.000000000000e+00, gap 89.8734%
